<?xml version="1.0" encoding="UTF-8"?>
<robot generator="Robot 5.0.1 (Python 3.10.5 on darwin)" generated="20230210 17:14:29.301" rpa="false" schemaversion="3">
<suite id="s1" name="User" source="/Users/runtime/PycharmProjects/3E_Acceptance/Tests/TestSuite/User.robot">
<test id="s1-t1" name="Access Users Manager" line="18">
<kw name="Open Browser To ACCEPTANCE Login Page" library="Keywords" type="SETUP">
<kw name="Open Browser" library="SeleniumLibrary">
<arg>${ACCEPTANCE LOGIN URL}</arg>
<arg>${BROWSER1}</arg>
<doc>Opens a new browser instance to the optional ``url``.</doc>
<msg timestamp="20230210 17:14:48.884" level="INFO">Opening browser 'headlesschrome' to base url 'https://admin.3esynaptiq.com/sq2020/sign-in'.</msg>
<status status="PASS" starttime="20230210 17:14:48.884" endtime="20230210 17:14:52.271"/>
</kw>
<kw name="Maximize Browser Window" library="SeleniumLibrary">
<doc>Maximizes current browser window.</doc>
<status status="PASS" starttime="20230210 17:14:52.272" endtime="20230210 17:14:52.418"/>
</kw>
<kw name="Set Selenium Speed" library="SeleniumLibrary">
<arg>0.5s</arg>
<doc>Sets the delay that is waited after each Selenium command.</doc>
<status status="PASS" starttime="20230210 17:14:52.418" endtime="20230210 17:14:52.419"/>
</kw>
<kw name="Set Browser Implicit Wait" library="SeleniumLibrary">
<arg>5s</arg>
<doc>Sets the implicit wait value used by Selenium.</doc>
<status status="PASS" starttime="20230210 17:14:52.419" endtime="20230210 17:14:52.924"/>
</kw>
<kw name="Sleep" library="BuiltIn">
<arg>2s</arg>
<doc>Pauses the test executed for the given time.</doc>
<msg timestamp="20230210 17:14:54.926" level="INFO">Slept 2 seconds</msg>
<status status="PASS" starttime="20230210 17:14:52.924" endtime="20230210 17:14:54.926"/>
</kw>
<status status="PASS" starttime="20230210 17:14:48.884" endtime="20230210 17:14:54.927"/>
</kw>
<kw name="Login Acceptance" library="Keywords">
<doc>This keyword will perfom the steps for a valid login in ACCEPTANCE</doc>
<kw name="Input Text" library="SeleniumLibrary">
<arg>name=username</arg>
<arg>${ACCEPTANCE USERNAME 1}</arg>
<doc>Types the given ``text`` into the text field identified by ``locator``.</doc>
<msg timestamp="20230210 17:14:54.929" level="INFO">Typing text 'runtimerev' into text field 'name=username'.</msg>
<status status="PASS" starttime="20230210 17:14:54.928" endtime="20230210 17:14:56.584"/>
</kw>
<kw name="Input Password" library="SeleniumLibrary">
<arg>name=password</arg>
<arg>${ACCEPTANCE PASSWORD 1}</arg>
<doc>Types the given password into the text field identified by ``locator``.</doc>
<msg timestamp="20230210 17:14:56.585" level="INFO">Typing password into text field 'name=password'.</msg>
<msg timestamp="20230210 17:14:57.631" level="INFO">Temporally setting log level to: NONE</msg>
<msg timestamp="20230210 17:14:58.196" level="INFO">Log level changed from NONE to INFO.</msg>
<status status="PASS" starttime="20230210 17:14:56.584" endtime="20230210 17:14:58.196"/>
</kw>
<kw name="Click Element" library="SeleniumLibrary">
<arg>class=button</arg>
<doc>Click the element identified by ``locator``.</doc>
<msg timestamp="20230210 17:14:58.196" level="INFO">Clicking element 'class=button'.</msg>
<status status="PASS" starttime="20230210 17:14:58.196" endtime="20230210 17:14:59.270"/>
</kw>
<status status="PASS" starttime="20230210 17:14:54.927" endtime="20230210 17:14:59.270"/>
</kw>
<kw name="Access Users Manager" library="Keywords">
<doc>This keyword will include the steps to access the Users Manager</doc>
<kw name="Wait Until Element Is Visible" library="SeleniumLibrary">
<arg>//*[@id="root"]/div/div[2]/div[1]/a[6]</arg>
<doc>Waits until the element ``locator`` is visible.</doc>
<status status="PASS" starttime="20230210 17:14:59.271" endtime="20230210 17:15:00.479"/>
</kw>
<kw name="Click Element" library="SeleniumLibrary">
<arg>//*[@id="root"]/div/div[2]/div[1]/a[6]</arg>
<doc>Click the element identified by ``locator``.</doc>
<msg timestamp="20230210 17:15:00.479" level="INFO">Clicking element '//*[@id="root"]/div/div[2]/div[1]/a[6]'.</msg>
<status status="PASS" starttime="20230210 17:15:00.479" endtime="20230210 17:15:01.831"/>
</kw>
<kw name="Sleep" library="BuiltIn">
<arg>2s</arg>
<doc>Pauses the test executed for the given time.</doc>
<msg timestamp="20230210 17:15:03.832" level="INFO">Slept 2 seconds</msg>
<status status="PASS" starttime="20230210 17:15:01.832" endtime="20230210 17:15:03.832"/>
</kw>
<status status="PASS" starttime="20230210 17:14:59.270" endtime="20230210 17:15:03.832"/>
</kw>
<kw name="Sleep" library="BuiltIn">
<arg>1s</arg>
<doc>Pauses the test executed for the given time.</doc>
<msg timestamp="20230210 17:15:04.834" level="INFO">Slept 1 second</msg>
<status status="PASS" starttime="20230210 17:15:03.833" endtime="20230210 17:15:04.834"/>
</kw>
<kw name="Capture Page Screenshot" library="SeleniumLibrary">
<arg>${VR_REFERENCE_IMAGE_FOLDER}/acceptance_users_manager_reference_1.png</arg>
<doc>Takes a screenshot of the current page and embeds it into a log file.</doc>
<msg timestamp="20230210 17:15:05.519" level="INFO" html="true">&lt;/td&gt;&lt;/tr&gt;&lt;tr&gt;&lt;td colspan="3"&gt;&lt;a href="../../Resources/VR_Files/VR_Reference/acceptance_users_manager_reference_1.png"&gt;&lt;img src="../../Resources/VR_Files/VR_Reference/acceptance_users_manager_reference_1.png" width="800px"&gt;&lt;/a&gt;</msg>
<status status="PASS" starttime="20230210 17:15:04.835" endtime="20230210 17:15:05.519"/>
</kw>
<kw name="Finalize Test Case" library="Keywords" type="TEARDOWN">
<doc>This will includ a wait time of 2 seconds and the [Teardown] close browser keyword</doc>
<kw name="Sleep" library="BuiltIn">
<arg>4s</arg>
<doc>Pauses the test executed for the given time.</doc>
<msg timestamp="20230210 17:15:09.521" level="INFO">Slept 4 seconds</msg>
<status status="PASS" starttime="20230210 17:15:05.520" endtime="20230210 17:15:09.521"/>
</kw>
<kw name="Close Browser" library="SeleniumLibrary" type="TEARDOWN">
<doc>Closes the current browser.</doc>
<status status="PASS" starttime="20230210 17:15:09.522" endtime="20230210 17:15:10.088"/>
</kw>
<status status="PASS" starttime="20230210 17:15:05.519" endtime="20230210 17:15:10.088"/>
</kw>
<doc>This test case will simulate the login and access to the Users Manager</doc>
<tag>acceptance</tag>
<tag>access</tag>
<tag>demonstration</tag>
<tag>regression</tag>
<tag>users</tag>
<status status="PASS" starttime="20230210 17:14:48.883" endtime="20230210 17:15:10.088"/>
</test>
<test id="s1-t2" name="Users Manager - Visual Regression" line="28">
<kw name="Open Browser To ACCEPTANCE Login Page" library="Keywords" type="SETUP">
<kw name="Open Browser" library="SeleniumLibrary">
<arg>${ACCEPTANCE LOGIN URL}</arg>
<arg>${BROWSER1}</arg>
<doc>Opens a new browser instance to the optional ``url``.</doc>
<msg timestamp="20230210 17:15:10.091" level="INFO">Opening browser 'headlesschrome' to base url 'https://admin.3esynaptiq.com/sq2020/sign-in'.</msg>
<status status="PASS" starttime="20230210 17:15:10.091" endtime="20230210 17:15:13.451"/>
</kw>
<kw name="Maximize Browser Window" library="SeleniumLibrary">
<doc>Maximizes current browser window.</doc>
<status status="PASS" starttime="20230210 17:15:13.451" endtime="20230210 17:15:14.081"/>
</kw>
<kw name="Set Selenium Speed" library="SeleniumLibrary">
<arg>0.5s</arg>
<doc>Sets the delay that is waited after each Selenium command.</doc>
<status status="PASS" starttime="20230210 17:15:14.082" endtime="20230210 17:15:14.083"/>
</kw>
<kw name="Set Browser Implicit Wait" library="SeleniumLibrary">
<arg>5s</arg>
<doc>Sets the implicit wait value used by Selenium.</doc>
<status status="PASS" starttime="20230210 17:15:14.083" endtime="20230210 17:15:14.587"/>
</kw>
<kw name="Sleep" library="BuiltIn">
<arg>2s</arg>
<doc>Pauses the test executed for the given time.</doc>
<msg timestamp="20230210 17:15:16.588" level="INFO">Slept 2 seconds</msg>
<status status="PASS" starttime="20230210 17:15:14.587" endtime="20230210 17:15:16.589"/>
</kw>
<status status="PASS" starttime="20230210 17:15:10.090" endtime="20230210 17:15:16.589"/>
</kw>
<kw name="Login Acceptance" library="Keywords">
<doc>This keyword will perfom the steps for a valid login in ACCEPTANCE</doc>
<kw name="Input Text" library="SeleniumLibrary">
<arg>name=username</arg>
<arg>${ACCEPTANCE USERNAME 1}</arg>
<doc>Types the given ``text`` into the text field identified by ``locator``.</doc>
<msg timestamp="20230210 17:15:16.592" level="INFO">Typing text 'runtimerev' into text field 'name=username'.</msg>
<status status="PASS" starttime="20230210 17:15:16.591" endtime="20230210 17:15:18.264"/>
</kw>
<kw name="Input Password" library="SeleniumLibrary">
<arg>name=password</arg>
<arg>${ACCEPTANCE PASSWORD 1}</arg>
<doc>Types the given password into the text field identified by ``locator``.</doc>
<msg timestamp="20230210 17:15:18.265" level="INFO">Typing password into text field 'name=password'.</msg>
<msg timestamp="20230210 17:15:19.309" level="INFO">Temporally setting log level to: NONE</msg>
<msg timestamp="20230210 17:15:19.867" level="INFO">Log level changed from NONE to INFO.</msg>
<status status="PASS" starttime="20230210 17:15:18.264" endtime="20230210 17:15:19.867"/>
</kw>
<kw name="Click Element" library="SeleniumLibrary">
<arg>class=button</arg>
<doc>Click the element identified by ``locator``.</doc>
<msg timestamp="20230210 17:15:19.868" level="INFO">Clicking element 'class=button'.</msg>
<status status="PASS" starttime="20230210 17:15:19.867" endtime="20230210 17:15:20.929"/>
</kw>
<status status="PASS" starttime="20230210 17:15:16.590" endtime="20230210 17:15:20.929"/>
</kw>
<kw name="Access Users Manager" library="Keywords">
<doc>This keyword will include the steps to access the Users Manager</doc>
<kw name="Wait Until Element Is Visible" library="SeleniumLibrary">
<arg>//*[@id="root"]/div/div[2]/div[1]/a[6]</arg>
<doc>Waits until the element ``locator`` is visible.</doc>
<status status="PASS" starttime="20230210 17:15:20.930" endtime="20230210 17:15:22.010"/>
</kw>
<kw name="Click Element" library="SeleniumLibrary">
<arg>//*[@id="root"]/div/div[2]/div[1]/a[6]</arg>
<doc>Click the element identified by ``locator``.</doc>
<msg timestamp="20230210 17:15:22.011" level="INFO">Clicking element '//*[@id="root"]/div/div[2]/div[1]/a[6]'.</msg>
<status status="PASS" starttime="20230210 17:15:22.010" endtime="20230210 17:15:23.526"/>
</kw>
<kw name="Sleep" library="BuiltIn">
<arg>2s</arg>
<doc>Pauses the test executed for the given time.</doc>
<msg timestamp="20230210 17:15:25.527" level="INFO">Slept 2 seconds</msg>
<status status="PASS" starttime="20230210 17:15:23.526" endtime="20230210 17:15:25.527"/>
</kw>
<status status="PASS" starttime="20230210 17:15:20.929" endtime="20230210 17:15:25.527"/>
</kw>
<kw name="Capture Page Screenshot" library="SeleniumLibrary">
<arg>${ACCEPTANCE_VR_IMAGES_OBTAINED}/acceptance_users_manager_visual_regression_1.png</arg>
<doc>Takes a screenshot of the current page and embeds it into a log file.</doc>
<msg timestamp="20230210 17:15:27.363" level="INFO" html="true">&lt;/td&gt;&lt;/tr&gt;&lt;tr&gt;&lt;td colspan="3"&gt;&lt;a href="../../Resources/VR_Files/VR_Obtained/acceptance_users_manager_visual_regression_1.png"&gt;&lt;img src="../../Resources/VR_Files/VR_Obtained/acceptance_users_manager_visual_regression_1.png" width="800px"&gt;&lt;/a&gt;</msg>
<status status="PASS" starttime="20230210 17:15:25.527" endtime="20230210 17:15:27.364"/>
</kw>
<kw name="Sleep" library="BuiltIn">
<arg>3s</arg>
<doc>Pauses the test executed for the given time.</doc>
<msg timestamp="20230210 17:15:30.366" level="INFO">Slept 3 seconds</msg>
<status status="PASS" starttime="20230210 17:15:27.364" endtime="20230210 17:15:30.366"/>
</kw>
<kw name="Compare Images" library="WatchUI">
<arg>${VR_REFERENCE_IMAGE_FOLDER}/acceptance_users_manager_reference_1.png</arg>
<arg>${ACCEPTANCE_VR_IMAGES_OBTAINED}/acceptance_users_manager_visual_regression_1.png</arg>
<arg>save_folder=${VR_COMPARISON_USERS}</arg>
<arg>ssim=1.00</arg>
<doc>Compares image on `compared_image_path` against base image on `base_image_path`.
Args:
    base_image_path (str): path to base image
    compared_image_path (str): path to compared image
    save_folder (str): path to the save folder
    ssim (float): SSIM threshold value
    image_format (str): image format, e.g. "png", "jpg"
Raises:
    TypeError:</doc>
<msg timestamp="20230210 17:15:30.943" level="INFO" html="true">&lt;p&gt;Image was saved to your output folder &lt;/p&gt;&lt;img src=/Users/runtime/PycharmProjects/3E_Acceptance/Resources/VR_Files/VR_Comparison/Users/Img1676049330.9034328.png&gt;&lt;/img&gt;</msg>
<status status="PASS" starttime="20230210 17:15:30.366" endtime="20230210 17:15:30.951"/>
</kw>
<kw name="Finalize Test Case" library="Keywords" type="TEARDOWN">
<doc>This will includ a wait time of 2 seconds and the [Teardown] close browser keyword</doc>
<kw name="Sleep" library="BuiltIn">
<arg>4s</arg>
<doc>Pauses the test executed for the given time.</doc>
<msg timestamp="20230210 17:15:34.953" level="INFO">Slept 4 seconds</msg>
<status status="PASS" starttime="20230210 17:15:30.952" endtime="20230210 17:15:34.953"/>
</kw>
<kw name="Close Browser" library="SeleniumLibrary" type="TEARDOWN">
<doc>Closes the current browser.</doc>
<status status="PASS" starttime="20230210 17:15:34.954" endtime="20230210 17:15:35.520"/>
</kw>
<status status="PASS" starttime="20230210 17:15:30.951" endtime="20230210 17:15:35.520"/>
</kw>
<doc>This test case will performe a visual regression of the Users Manager list</doc>
<tag>acceptance</tag>
<tag>demonstration</tag>
<tag>regression</tag>
<tag>users</tag>
<tag>visualregression</tag>
<tag>vr</tag>
<status status="PASS" starttime="20230210 17:15:10.089" endtime="20230210 17:15:35.521"/>
</test>
<test id="s1-t3" name="Users - Account &amp; Preferences" line="39">
<kw name="Open Browser To ACCEPTANCE Login Page" library="Keywords" type="SETUP">
<kw name="Open Browser" library="SeleniumLibrary">
<arg>${ACCEPTANCE LOGIN URL}</arg>
<arg>${BROWSER1}</arg>
<doc>Opens a new browser instance to the optional ``url``.</doc>
<msg timestamp="20230210 17:15:35.523" level="INFO">Opening browser 'headlesschrome' to base url 'https://admin.3esynaptiq.com/sq2020/sign-in'.</msg>
<status status="PASS" starttime="20230210 17:15:35.523" endtime="20230210 17:15:38.951"/>
</kw>
<kw name="Maximize Browser Window" library="SeleniumLibrary">
<doc>Maximizes current browser window.</doc>
<status status="PASS" starttime="20230210 17:15:38.951" endtime="20230210 17:15:39.570"/>
</kw>
<kw name="Set Selenium Speed" library="SeleniumLibrary">
<arg>0.5s</arg>
<doc>Sets the delay that is waited after each Selenium command.</doc>
<status status="PASS" starttime="20230210 17:15:39.570" endtime="20230210 17:15:39.571"/>
</kw>
<kw name="Set Browser Implicit Wait" library="SeleniumLibrary">
<arg>5s</arg>
<doc>Sets the implicit wait value used by Selenium.</doc>
<status status="PASS" starttime="20230210 17:15:39.571" endtime="20230210 17:15:40.077"/>
</kw>
<kw name="Sleep" library="BuiltIn">
<arg>2s</arg>
<doc>Pauses the test executed for the given time.</doc>
<msg timestamp="20230210 17:15:42.082" level="INFO">Slept 2 seconds</msg>
<status status="PASS" starttime="20230210 17:15:40.077" endtime="20230210 17:15:42.082"/>
</kw>
<status status="PASS" starttime="20230210 17:15:35.522" endtime="20230210 17:15:42.083"/>
</kw>
<kw name="Login Acceptance" library="Keywords">
<doc>This keyword will perfom the steps for a valid login in ACCEPTANCE</doc>
<kw name="Input Text" library="SeleniumLibrary">
<arg>name=username</arg>
<arg>${ACCEPTANCE USERNAME 1}</arg>
<doc>Types the given ``text`` into the text field identified by ``locator``.</doc>
<msg timestamp="20230210 17:15:42.085" level="INFO">Typing text 'runtimerev' into text field 'name=username'.</msg>
<status status="PASS" starttime="20230210 17:15:42.084" endtime="20230210 17:15:43.757"/>
</kw>
<kw name="Input Password" library="SeleniumLibrary">
<arg>name=password</arg>
<arg>${ACCEPTANCE PASSWORD 1}</arg>
<doc>Types the given password into the text field identified by ``locator``.</doc>
<msg timestamp="20230210 17:15:43.757" level="INFO">Typing password into text field 'name=password'.</msg>
<msg timestamp="20230210 17:15:44.891" level="INFO">Temporally setting log level to: NONE</msg>
<msg timestamp="20230210 17:15:45.451" level="INFO">Log level changed from NONE to INFO.</msg>
<status status="PASS" starttime="20230210 17:15:43.757" endtime="20230210 17:15:45.451"/>
</kw>
<kw name="Click Element" library="SeleniumLibrary">
<arg>class=button</arg>
<doc>Click the element identified by ``locator``.</doc>
<msg timestamp="20230210 17:15:45.451" level="INFO">Clicking element 'class=button'.</msg>
<status status="PASS" starttime="20230210 17:15:45.451" endtime="20230210 17:15:46.510"/>
</kw>
<status status="PASS" starttime="20230210 17:15:42.084" endtime="20230210 17:15:46.510"/>
</kw>
<kw name="Access Account &amp; Preferences" library="Keywords">
<doc>This keyworld will include the steps to access the user account &amp; preferences</doc>
<kw name="Wait Until Element Is Visible" library="SeleniumLibrary">
<arg>//*[@id="user_popup"]/button</arg>
<doc>Waits until the element ``locator`` is visible.</doc>
<status status="PASS" starttime="20230210 17:15:46.510" endtime="20230210 17:15:47.763"/>
</kw>
<kw name="Click Element" library="SeleniumLibrary">
<arg>//*[@id="user_popup"]/button</arg>
<doc>Click the element identified by ``locator``.</doc>
<msg timestamp="20230210 17:15:47.764" level="INFO">Clicking element '//*[@id="user_popup"]/button'.</msg>
<status status="PASS" starttime="20230210 17:15:47.764" endtime="20230210 17:15:49.187"/>
</kw>
<kw name="Click Element" library="SeleniumLibrary">
<arg>//*[@id="user_popup"]/div/ul/li[1]/div</arg>
<doc>Click the element identified by ``locator``.</doc>
<msg timestamp="20230210 17:15:49.188" level="INFO">Clicking element '//*[@id="user_popup"]/div/ul/li[1]/div'.</msg>
<status status="PASS" starttime="20230210 17:15:49.187" endtime="20230210 17:15:50.410"/>
</kw>
<kw name="Sleep" library="BuiltIn">
<arg>2s</arg>
<doc>Pauses the test executed for the given time.</doc>
<msg timestamp="20230210 17:15:52.411" level="INFO">Slept 2 seconds</msg>
<status status="PASS" starttime="20230210 17:15:50.411" endtime="20230210 17:15:52.412"/>
</kw>
<status status="PASS" starttime="20230210 17:15:46.510" endtime="20230210 17:15:52.412"/>
</kw>
<kw name="Finalize Test Case" library="Keywords" type="TEARDOWN">
<doc>This will includ a wait time of 2 seconds and the [Teardown] close browser keyword</doc>
<kw name="Sleep" library="BuiltIn">
<arg>4s</arg>
<doc>Pauses the test executed for the given time.</doc>
<msg timestamp="20230210 17:15:56.414" level="INFO">Slept 4 seconds</msg>
<status status="PASS" starttime="20230210 17:15:52.413" endtime="20230210 17:15:56.414"/>
</kw>
<kw name="Close Browser" library="SeleniumLibrary" type="TEARDOWN">
<doc>Closes the current browser.</doc>
<status status="PASS" starttime="20230210 17:15:56.415" endtime="20230210 17:15:56.980"/>
</kw>
<status status="PASS" starttime="20230210 17:15:52.412" endtime="20230210 17:15:56.981"/>
</kw>
<doc>Test case to verify if Account &amp; Preferences is accessible</doc>
<tag>acceptance</tag>
<tag>accountpreferencesaccess</tag>
<tag>regression</tag>
<tag>users</tag>
<status status="PASS" starttime="20230210 17:15:35.521" endtime="20230210 17:15:56.981"/>
</test>
<test id="s1-t4" name="Translations - Language Change" line="47">
<kw name="Open Browser To ACCEPTANCE Login Page" library="Keywords" type="SETUP">
<kw name="Open Browser" library="SeleniumLibrary">
<arg>${ACCEPTANCE LOGIN URL}</arg>
<arg>${BROWSER1}</arg>
<doc>Opens a new browser instance to the optional ``url``.</doc>
<msg timestamp="20230210 17:15:56.984" level="INFO">Opening browser 'headlesschrome' to base url 'https://admin.3esynaptiq.com/sq2020/sign-in'.</msg>
<status status="PASS" starttime="20230210 17:15:56.983" endtime="20230210 17:16:00.551"/>
</kw>
<kw name="Maximize Browser Window" library="SeleniumLibrary">
<doc>Maximizes current browser window.</doc>
<status status="PASS" starttime="20230210 17:16:00.552" endtime="20230210 17:16:01.162"/>
</kw>
<kw name="Set Selenium Speed" library="SeleniumLibrary">
<arg>0.5s</arg>
<doc>Sets the delay that is waited after each Selenium command.</doc>
<status status="PASS" starttime="20230210 17:16:01.162" endtime="20230210 17:16:01.163"/>
</kw>
<kw name="Set Browser Implicit Wait" library="SeleniumLibrary">
<arg>5s</arg>
<doc>Sets the implicit wait value used by Selenium.</doc>
<status status="PASS" starttime="20230210 17:16:01.163" endtime="20230210 17:16:01.670"/>
</kw>
<kw name="Sleep" library="BuiltIn">
<arg>2s</arg>
<doc>Pauses the test executed for the given time.</doc>
<msg timestamp="20230210 17:16:03.672" level="INFO">Slept 2 seconds</msg>
<status status="PASS" starttime="20230210 17:16:01.671" endtime="20230210 17:16:03.672"/>
</kw>
<status status="PASS" starttime="20230210 17:15:56.983" endtime="20230210 17:16:03.673"/>
</kw>
<kw name="Login Acceptance" library="Keywords">
<doc>This keyword will perfom the steps for a valid login in ACCEPTANCE</doc>
<kw name="Input Text" library="SeleniumLibrary">
<arg>name=username</arg>
<arg>${ACCEPTANCE USERNAME 1}</arg>
<doc>Types the given ``text`` into the text field identified by ``locator``.</doc>
<msg timestamp="20230210 17:16:03.674" level="INFO">Typing text 'runtimerev' into text field 'name=username'.</msg>
<status status="PASS" starttime="20230210 17:16:03.673" endtime="20230210 17:16:05.297"/>
</kw>
<kw name="Input Password" library="SeleniumLibrary">
<arg>name=password</arg>
<arg>${ACCEPTANCE PASSWORD 1}</arg>
<doc>Types the given password into the text field identified by ``locator``.</doc>
<msg timestamp="20230210 17:16:05.299" level="INFO">Typing password into text field 'name=password'.</msg>
<msg timestamp="20230210 17:16:06.347" level="INFO">Temporally setting log level to: NONE</msg>
<msg timestamp="20230210 17:16:06.925" level="INFO">Log level changed from NONE to INFO.</msg>
<status status="PASS" starttime="20230210 17:16:05.298" endtime="20230210 17:16:06.925"/>
</kw>
<kw name="Click Element" library="SeleniumLibrary">
<arg>class=button</arg>
<doc>Click the element identified by ``locator``.</doc>
<msg timestamp="20230210 17:16:06.926" level="INFO">Clicking element 'class=button'.</msg>
<status status="PASS" starttime="20230210 17:16:06.926" endtime="20230210 17:16:07.993"/>
</kw>
<status status="PASS" starttime="20230210 17:16:03.673" endtime="20230210 17:16:07.993"/>
</kw>
<kw name="Access Account &amp; Preferences" library="Keywords">
<doc>This keyworld will include the steps to access the user account &amp; preferences</doc>
<kw name="Wait Until Element Is Visible" library="SeleniumLibrary">
<arg>//*[@id="user_popup"]/button</arg>
<doc>Waits until the element ``locator`` is visible.</doc>
<status status="PASS" starttime="20230210 17:16:07.994" endtime="20230210 17:16:09.148"/>
</kw>
<kw name="Click Element" library="SeleniumLibrary">
<arg>//*[@id="user_popup"]/button</arg>
<doc>Click the element identified by ``locator``.</doc>
<msg timestamp="20230210 17:16:09.148" level="INFO">Clicking element '//*[@id="user_popup"]/button'.</msg>
<status status="PASS" starttime="20230210 17:16:09.148" endtime="20230210 17:16:10.402"/>
</kw>
<kw name="Click Element" library="SeleniumLibrary">
<arg>//*[@id="user_popup"]/div/ul/li[1]/div</arg>
<doc>Click the element identified by ``locator``.</doc>
<msg timestamp="20230210 17:16:10.403" level="INFO">Clicking element '//*[@id="user_popup"]/div/ul/li[1]/div'.</msg>
<status status="PASS" starttime="20230210 17:16:10.402" endtime="20230210 17:16:11.619"/>
</kw>
<kw name="Sleep" library="BuiltIn">
<arg>2s</arg>
<doc>Pauses the test executed for the given time.</doc>
<msg timestamp="20230210 17:16:13.620" level="INFO">Slept 2 seconds</msg>
<status status="PASS" starttime="20230210 17:16:11.619" endtime="20230210 17:16:13.620"/>
</kw>
<status status="PASS" starttime="20230210 17:16:07.994" endtime="20230210 17:16:13.620"/>
</kw>
<kw name="Click Element" library="SeleniumLibrary">
<arg>//*[@id="language_timezone"]</arg>
<doc>Click the element identified by ``locator``.</doc>
<msg timestamp="20230210 17:16:13.621" level="INFO">Clicking element '//*[@id="language_timezone"]'.</msg>
<status status="PASS" starttime="20230210 17:16:13.621" endtime="20230210 17:16:14.790"/>
</kw>
<kw name="Page Should Contain" library="SeleniumLibrary">
<arg>Language</arg>
<doc>Verifies that current page contains ``text``.</doc>
<msg timestamp="20230210 17:16:29.133" level="INFO" html="true">&lt;/td&gt;&lt;/tr&gt;&lt;tr&gt;&lt;td colspan="3"&gt;&lt;a href="selenium-screenshot-16.png"&gt;&lt;img src="selenium-screenshot-16.png" width="800px"&gt;&lt;/a&gt;</msg>
<msg timestamp="20230210 17:16:29.134" level="FAIL">Page should have contained text 'Language' but did not.</msg>
<status status="FAIL" starttime="20230210 17:16:14.791" endtime="20230210 17:16:29.141"/>
</kw>
<kw name="Page Should Contain Element" library="SeleniumLibrary">
<arg>//*[@id="mui-component-select-language"]</arg>
<doc>Verifies that element ``locator`` is found on the current page.</doc>
<status status="NOT RUN" starttime="20230210 17:16:29.141" endtime="20230210 17:16:29.142"/>
</kw>
<kw name="Click Element" library="SeleniumLibrary">
<arg>//*[@id="mui-component-select-language"]</arg>
<doc>Click the element identified by ``locator``.</doc>
<status status="NOT RUN" starttime="20230210 17:16:29.142" endtime="20230210 17:16:29.142"/>
</kw>
<kw name="Click Element" library="SeleniumLibrary">
<arg>//*[@id="menu-language"]/div[3]/ul/li[2]</arg>
<doc>Click the element identified by ``locator``.</doc>
<status status="NOT RUN" starttime="20230210 17:16:29.142" endtime="20230210 17:16:29.142"/>
</kw>
<kw name="Finalize Test Case" library="Keywords" type="TEARDOWN">
<doc>This will includ a wait time of 2 seconds and the [Teardown] close browser keyword</doc>
<kw name="Sleep" library="BuiltIn">
<arg>4s</arg>
<doc>Pauses the test executed for the given time.</doc>
<msg timestamp="20230210 17:16:33.144" level="INFO">Slept 4 seconds</msg>
<status status="PASS" starttime="20230210 17:16:29.144" endtime="20230210 17:16:33.144"/>
</kw>
<kw name="Close Browser" library="SeleniumLibrary" type="TEARDOWN">
<doc>Closes the current browser.</doc>
<status status="PASS" starttime="20230210 17:16:33.145" endtime="20230210 17:16:33.720"/>
</kw>
<status status="PASS" starttime="20230210 17:16:29.143" endtime="20230210 17:16:33.720"/>
</kw>
<doc>Test case to validate language change in the application</doc>
<tag>acceptance</tag>
<tag>accountpreferences</tag>
<tag>regression</tag>
<tag>translations</tag>
<tag>users</tag>
<status status="FAIL" starttime="20230210 17:15:56.982" endtime="20230210 17:16:33.721">Page should have contained text 'Language' but did not.</status>
</test>
<doc>Acceptance | Users Manager Regression</doc>
<status status="FAIL" starttime="20230210 17:14:29.302" endtime="20230210 17:16:33.724"/>
</suite>
<statistics>
<total>
<stat pass="3" fail="1" skip="0">All Tests</stat>
</total>
<tag>
<stat pass="3" fail="1" skip="0">acceptance</stat>
<stat pass="1" fail="0" skip="0">access</stat>
<stat pass="0" fail="1" skip="0">accountpreferences</stat>
<stat pass="1" fail="0" skip="0">accountpreferencesaccess</stat>
<stat pass="2" fail="0" skip="0">demonstration</stat>
<stat pass="3" fail="1" skip="0">regression</stat>
<stat pass="0" fail="1" skip="0">translations</stat>
<stat pass="3" fail="1" skip="0">users</stat>
<stat pass="1" fail="0" skip="0">visualregression</stat>
<stat pass="1" fail="0" skip="0">vr</stat>
</tag>
<suite>
<stat pass="3" fail="1" skip="0" id="s1" name="User">User</stat>
</suite>
</statistics>
<errors>
</errors>
</robot>
